<?xml version="1.0" encoding="UTF-8"?>
<!-- Generated by org.testng.reporters.JUnitXMLReporter -->
<testsuite ignored="0" hostname="DESKTOP-L02734K" failures="1" tests="1" name="Surefire test" time="17.896" errors="0" timestamp="2025-04-03T23:56:06 GMT-05:00">
  <testcase classname="io.cucumber.testng.AbstractTestNGCucumberTests" name="runScenario" time="16.803">
    <failure type="java.lang.AssertionError" message="Login page not populated correctly.  expected [true] but found [false]">
      <![CDATA[java.lang.AssertionError: Login page not populated correctly.  expected [true] but found [false]
at stepDefinitions.PracticeSteps.user_open_it(PracticeSteps.java:36)
at ✽.User open it(file:///C:/Users/it200/eclipse-workspace/org.practice_TestNG.com/src/test/java/features/practice.feature:7)
... Removed 3 stack frames]]>
    </failure>
  </testcase> <!-- runScenario -->
</testsuite> <!-- Surefire test -->
