<?xml version="1.0" encoding="UTF-8"?>
<testng-results ignored="0" total="1" passed="1" failed="0" skipped="0">
  <reporter-output>
  </reporter-output>
  <suite started-at="2025-04-08T15:44:06 GMT-05:00" name="Cucumber Suite" finished-at="2025-04-08T15:44:55 GMT-05:00" duration-ms="48567">
    <groups>
      <group name="cucumber">
        <method signature="AbstractTestNGCucumberTests.runScenario(io.cucumber.testng.PickleWrapper,io.cucumber.testng.FeatureWrapper)[pri:0, instance:testRunner.TestRunner@302552ec]" name="runScenario" class="io.cucumber.testng.AbstractTestNGCucumberTests"/>
      </group> <!-- cucumber -->
    </groups>
    <test started-at="2025-04-08T15:44:06 GMT-05:00" name="Test 1" finished-at="2025-04-08T15:44:55 GMT-05:00" duration-ms="48567">
      <class name="testRunner.TestRunner">
        <test-method is-config="true" signature="setUpClass(org.testng.ITestContext)[pri:0, instance:testRunner.TestRunner@302552ec]" started-at="2025-04-08T15:44:06 GMT-05:00" name="setUpClass" finished-at="2025-04-08T15:44:07 GMT-05:00" duration-ms="903" status="PASS">
          <params>
            <param index="0">
              <value>
                <![CDATA[org.testng.TestRunner@3fb1549b]]>
              </value>
            </param>
          </params>
          <reporter-output>
          </reporter-output>
        </test-method> <!-- setUpClass -->
        <test-method signature="runScenario(io.cucumber.testng.PickleWrapper,io.cucumber.testng.FeatureWrapper)[pri:0, instance:testRunner.TestRunner@302552ec]" started-at="2025-04-08T15:44:07 GMT-05:00" name="runScenario" description="Runs Cucumber Scenarios" data-provider="scenarios" finished-at="2025-04-08T15:44:55 GMT-05:00" duration-ms="47371" status="PASS">
          <params>
            <param index="0">
              <value>
                <![CDATA["Want to open google.com"]]>
              </value>
            </param>
            <param index="1">
              <value>
                <![CDATA["practice"]]>
              </value>
            </param>
          </params>
          <reporter-output>
          </reporter-output>
        </test-method> <!-- runScenario -->
        <test-method is-config="true" signature="tearDownClass()[pri:0, instance:testRunner.TestRunner@302552ec]" started-at="2025-04-08T15:44:55 GMT-05:00" name="tearDownClass" finished-at="2025-04-08T15:44:55 GMT-05:00" duration-ms="202" status="PASS">
          <reporter-output>
          </reporter-output>
        </test-method> <!-- tearDownClass -->
      </class> <!-- testRunner.TestRunner -->
    </test> <!-- Test 1 -->
  </suite> <!-- Cucumber Suite -->
</testng-results>
