<?xml version="1.0" encoding="UTF-8"?>
<!-- Generated by org.testng.reporters.JUnitReportReporter -->
<testsuite hostname="DESKTOP-L02734K" failures="1" tests="1" name="testRunner.TestRunner" time="16.803" errors="0" timestamp="2025-04-03T23:56:06 GMT-05:00" skipped="0">
  <testcase classname="testRunner.TestRunner" name="runScenario" time="16.803">
    <failure message="Login page not populated correctly.  expected [true] but found [false]" type="java.lang.AssertionError">
      <![CDATA[java.lang.AssertionError: Login page not populated correctly.  expected [true] but found [false]
at org.testng.Assert.fail(Assert.java:111)
at org.testng.Assert.failNotEquals(Assert.java:1578)
at org.testng.Assert.assertTrue(Assert.java:57)
at stepDefinitions.PracticeSteps.user_open_it(PracticeSteps.java:36)
at ✽.User open it(file:///C:/Users/it200/eclipse-workspace/org.practice_TestNG.com/src/test/java/features/practice.feature:7)
]]>
    </failure>
  </testcase> <!-- runScenario -->
</testsuite> <!-- testRunner.TestRunner -->
